[10:29:45] [main/WARN]: Ambiguity between arguments [teleport, destination] and [teleport, targets] with inputs: [Player, 0123, @e, dd12be42-52a9-4a91-a8a1-11c01849e498]
[10:29:45] [main/WARN]: Ambiguity between arguments [teleport, location] and [teleport, destination] with inputs: [0.1 -0.5 .9, 0 0 0]
[10:29:45] [main/WARN]: Ambiguity between arguments [teleport, location] and [teleport, targets] with inputs: [0.1 -0.5 .9, 0 0 0]
[10:29:45] [main/WARN]: Ambiguity between arguments [teleport, targets] and [teleport, destination] with inputs: [Player, 0123, dd12be42-52a9-4a91-a8a1-11c01849e498]
[10:29:45] [main/WARN]: Ambiguity between arguments [teleport, targets, location] and [teleport, targets, destination] with inputs: [0.1 -0.5 .9, 0 0 0]
[10:29:46] [Server thread/INFO]: Starting minecraft server version 1.14.4
[10:29:46] [Server thread/INFO]: Loading properties
[10:29:46] [Server thread/INFO]: Default game type: SURVIVAL
[10:29:46] [Server thread/INFO]: Generating keypair
[10:29:46] [Server console handler/ERROR]: Exception handling console input
java.io.IOException: Nieprawid³owe dojœcie
	at java.io.FileInputStream.readBytes(Native Method) ~[?:1.8.0_231]
	at java.io.FileInputStream.read(Unknown Source) ~[?:1.8.0_231]
	at java.io.BufferedInputStream.read1(Unknown Source) ~[?:1.8.0_231]
	at java.io.BufferedInputStream.read(Unknown Source) ~[?:1.8.0_231]
	at sun.nio.cs.StreamDecoder.readBytes(Unknown Source) ~[?:1.8.0_231]
	at sun.nio.cs.StreamDecoder.implRead(Unknown Source) ~[?:1.8.0_231]
	at sun.nio.cs.StreamDecoder.read(Unknown Source) ~[?:1.8.0_231]
	at java.io.InputStreamReader.read(Unknown Source) ~[?:1.8.0_231]
	at java.io.BufferedReader.fill(Unknown Source) ~[?:1.8.0_231]
	at java.io.BufferedReader.readLine(Unknown Source) ~[?:1.8.0_231]
	at java.io.BufferedReader.readLine(Unknown Source) ~[?:1.8.0_231]
	at uk$2.run(SourceFile:109) [server.jar:?]
[10:29:46] [Server thread/INFO]: Starting Minecraft server on 25.15.162.192:25565
[10:29:46] [Server thread/INFO]: Using default channel type
[10:29:47] [Server thread/WARN]: **** SERVER IS RUNNING IN OFFLINE/INSECURE MODE!
[10:29:47] [Server thread/WARN]: The server will make no attempt to authenticate usernames. Beware.
[10:29:47] [Server thread/WARN]: While this makes the game possible to play without internet access, it also opens up the ability for hackers to connect with any username they choose.
[10:29:47] [Server thread/WARN]: To change this, set "online-mode" to "true" in the server.properties file.
[10:29:47] [Server thread/INFO]: Preparing level "world"
[10:29:47] [Server thread/INFO]: Found new data pack vanilla, loading it automatically
[10:29:47] [Server thread/INFO]: Reloading ResourceManager: Default
[10:29:48] [Server thread/INFO]: Loaded 6 recipes
[10:29:48] [Server thread/INFO]: Loaded 811 advancements
[10:29:54] [Server thread/INFO]: Preparing start region for dimension minecraft:overworld
[10:29:54] [Server-Worker-1/INFO]: Preparing spawn area: 0%
[10:29:55] [Server-Worker-1/INFO]: Preparing spawn area: 0%
[10:29:55] [Server-Worker-7/INFO]: Preparing spawn area: 0%
[10:29:56] [Server-Worker-3/INFO]: Preparing spawn area: 2%
[10:29:56] [Server-Worker-6/INFO]: Preparing spawn area: 3%
[10:29:57] [Server-Worker-4/INFO]: Preparing spawn area: 8%
[10:29:57] [Server-Worker-6/INFO]: Preparing spawn area: 10%
[10:29:58] [Server-Worker-7/INFO]: Preparing spawn area: 13%
[10:29:58] [Server-Worker-4/INFO]: Preparing spawn area: 16%
[10:29:59] [Server-Worker-4/INFO]: Preparing spawn area: 16%
[10:29:59] [Server-Worker-4/INFO]: Preparing spawn area: 25%
[10:30:00] [Server-Worker-2/INFO]: Preparing spawn area: 25%
[10:30:00] [Server-Worker-7/INFO]: Preparing spawn area: 34%
[10:30:01] [Server-Worker-3/INFO]: Preparing spawn area: 40%
[10:30:01] [Server-Worker-3/INFO]: Preparing spawn area: 42%
[10:30:02] [Server-Worker-7/INFO]: Preparing spawn area: 49%
[10:30:02] [Server-Worker-7/INFO]: Preparing spawn area: 54%
[10:30:03] [Server-Worker-1/INFO]: Preparing spawn area: 58%
[10:30:04] [Server-Worker-1/INFO]: Preparing spawn area: 60%
[10:30:04] [Server-Worker-2/INFO]: Preparing spawn area: 60%
[10:30:04] [Server-Worker-2/INFO]: Preparing spawn area: 66%
[10:30:05] [Server-Worker-2/INFO]: Preparing spawn area: 70%
[10:30:06] [Server-Worker-4/INFO]: Preparing spawn area: 73%
[10:30:06] [Server-Worker-4/INFO]: Preparing spawn area: 73%
[10:30:07] [Server-Worker-1/INFO]: Preparing spawn area: 78%
[10:30:07] [Server-Worker-4/INFO]: Preparing spawn area: 82%
[10:30:08] [Server-Worker-6/INFO]: Preparing spawn area: 82%
[10:30:08] [Server-Worker-6/INFO]: Preparing spawn area: 82%
[10:30:08] [Server-Worker-4/INFO]: Preparing spawn area: 87%
[10:30:11] [Server-Worker-1/INFO]: Preparing spawn area: 87%
[10:30:11] [Server-Worker-1/INFO]: Preparing spawn area: 87%
[10:30:11] [Server-Worker-4/INFO]: Preparing spawn area: 87%
[10:30:11] [Server-Worker-3/INFO]: Preparing spawn area: 87%
[10:30:12] [Server-Worker-5/INFO]: Preparing spawn area: 93%
[10:30:12] [Server-Worker-4/INFO]: Preparing spawn area: 93%
[10:30:12] [Server-Worker-3/INFO]: Preparing spawn area: 93%
[10:30:12] [Server thread/INFO]: Time elapsed: 17653 ms
[10:30:12] [Server thread/INFO]: Done (24.788s)! For help, type "help"
[10:30:14] [Server thread/WARN]: Can't keep up! Is the server overloaded? Running 2108ms or 42 ticks behind
[10:30:42] [Server thread/INFO]: xPredix[/25.15.162.192:52716] logged in with entity id 263 at (109.5, 68.0, 54.5)
[10:30:42] [Server thread/INFO]: xPredix joined the game
[10:31:26] [Server thread/INFO]: Made xPredix a server operator
[10:31:38] [Server thread/INFO]: [xPredix: Gamerule keepInventory is now set to: true]
[10:31:52] [Server thread/INFO]: Made xPredix no longer a server operator
[10:34:15] [Server thread/INFO]: BkBlank[/25.55.125.192:59086] logged in with entity id 935 at (109.5, 68.0, 48.5)
[10:34:15] [Server thread/INFO]: BkBlank joined the game
[10:35:17] [Server thread/WARN]: Can't keep up! Is the server overloaded? Running 2862ms or 57 ticks behind
[10:35:31] [Server thread/INFO]: xPredix has made the advancement [Stone Age]
[10:36:06] [Server thread/INFO]: BkBlank has made the advancement [A Seedy Place]
[10:36:11] [Server thread/INFO]: xPredix has made the advancement [Getting an Upgrade]
[10:36:55] [Server thread/INFO]: BkBlank has made the advancement [Getting an Upgrade]
[10:37:07] [Server thread/INFO]: BkBlank has made the advancement [Stone Age]
[10:38:09] [Server thread/INFO]: BkBlank was shot by Skeleton
[10:38:27] [Server thread/INFO]: xPredix has made the advancement [Monster Hunter]
[10:39:53] [Server thread/INFO]: xPredix has made the advancement [Acquire Hardware]
[10:40:19] [Server thread/WARN]: Can't keep up! Is the server overloaded? Running 2037ms or 40 ticks behind
[10:40:42] [Server thread/INFO]: xPredix has made the advancement [Isn't It Iron Pick]
[10:42:56] [Server thread/INFO]: xPredix was slain by Enderman
[10:43:02] [Server thread/INFO]: xPredix has made the advancement [Not Today, Thank You]
[10:44:54] [Server thread/INFO]: xPredix has made the advancement [Suit Up]
[10:45:07] [Server thread/INFO]: xPredix has made the advancement [A Seedy Place]
[10:45:21] [Server thread/WARN]: Can't keep up! Is the server overloaded? Running 2424ms or 48 ticks behind
[10:45:53] [Server thread/INFO]: BkBlank has made the advancement [Monster Hunter]
[10:48:05] [Server thread/INFO]: BkBlank was shot by Skeleton
[10:50:24] [Server thread/WARN]: Can't keep up! Is the server overloaded? Running 2923ms or 58 ticks behind
[10:50:48] [Server thread/INFO]: BkBlank has made the advancement [Acquire Hardware]
[10:52:08] [Server thread/INFO]: BkBlank has made the advancement [Suit Up]
[10:55:14] [Server thread/INFO]: xPredix has made the advancement [Diamonds!]
[10:55:44] [Server thread/INFO]: BkBlank has made the advancement [Isn't It Iron Pick]
[10:56:09] [Server thread/INFO]: Teleported xPredix to BkBlank
[10:56:09] [Server thread/WARN]: xPredix moved too quickly! 106.09966396882686,58.0,3.747114056514583
[11:00:11] [Server thread/INFO]: xPredix fell from a high place
[11:01:14] [Server thread/WARN]: Fetching packet for removed entity atx['Wheat Seeds'/7368, l='world', x=131.35, y=66.00, z=61.43]
[11:03:13] [Server thread/INFO]: BkBlank has made the advancement [Sweet Dreams]
[11:03:17] [Server thread/INFO]: xPredix has made the advancement [Sweet Dreams]
[11:10:27] [Server thread/WARN]: Can't keep up! Is the server overloaded? Running 2295ms or 45 ticks behind
[11:11:50] [Server thread/INFO]: xPredix has made the advancement [Fishy Business]
[11:15:29] [Server thread/WARN]: BkBlank moved too quickly! -7.569876035226542,0.0448124203990119,6.850778312588645
[11:15:29] [Server thread/WARN]: Can't keep up! Is the server overloaded? Running 2284ms or 45 ticks behind
[11:19:32] [Server thread/INFO]: BkBlank has made the advancement [Not Today, Thank You]
[11:21:33] [Server thread/INFO]: BkBlank lost connection: Disconnected
[11:21:33] [Server thread/INFO]: BkBlank left the game
[11:22:36] [Server thread/INFO]: BkBlank[/25.55.125.192:59584] logged in with entity id 11787 at (103.65634494672119, 68.0, 47.222916837724824)
[11:22:36] [Server thread/INFO]: BkBlank joined the game
[11:23:20] [Server thread/INFO]: BkBlank lost connection: Disconnected
[11:23:20] [Server thread/INFO]: BkBlank left the game
[11:26:10] [Server thread/INFO]: xPredix has made the advancement [Ice Bucket Challenge]
[11:26:23] [Server thread/INFO]: _Estilam_[/25.17.126.17:61889] logged in with entity id 12569 at (104.5, 68.0, 45.5)
[11:26:23] [Server thread/INFO]: _Estilam_ joined the game
[11:26:39] [Server thread/INFO]: _Estilam_ has made the advancement [A Seedy Place]
[11:27:27] [Server thread/INFO]: No entity was found
[11:27:41] [Server thread/INFO]: Teleported xPredix to _Estilam_
[11:27:41] [Server thread/WARN]: xPredix moved too quickly! 46.299075330684886,54.0,7.966497076650114
[11:27:41] [Server thread/WARN]: xPredix moved too quickly! 46.299075330684886,54.0,7.966497076650114
[11:27:41] [Server thread/WARN]: xPredix moved too quickly! 46.299075330684886,54.0,7.966497076650114
[11:27:41] [Server thread/WARN]: xPredix moved too quickly! 46.299075330684886,54.0,7.966497076650114
[11:27:41] [Server thread/WARN]: xPredix moved too quickly! 46.299075330684886,54.0,7.966497076650114
[11:27:41] [Server thread/WARN]: xPredix moved too quickly! 46.299075330684886,54.0,7.966497076650114
[11:27:41] [Server thread/WARN]: xPredix moved too quickly! 46.299075330684886,54.0,7.966497076650114
[11:27:41] [Server thread/WARN]: xPredix moved too quickly! 46.299075330684886,54.0,7.966497076650114
[11:27:41] [Server thread/WARN]: xPredix moved too quickly! 46.299075330684886,54.0,7.966497076650114
[11:27:41] [Server thread/WARN]: xPredix moved too quickly! 46.299075330684886,54.0,7.966497076650114
[11:27:57] [Server thread/INFO]: BkBlank[/25.55.125.192:59830] logged in with entity id 12926 at (111.91723961913024, 68.0, 55.19581398001256)
[11:27:57] [Server thread/INFO]: BkBlank joined the game
[11:28:21] [Server thread/INFO]: BkBlank lost connection: Timed out
[11:28:21] [Server thread/INFO]: BkBlank left the game
[11:28:43] [Server thread/INFO]: BkBlank[/25.55.125.192:59840] logged in with entity id 13120 at (111.91723961913024, 68.0, 55.19581398001256)
[11:28:43] [Server thread/INFO]: BkBlank joined the game
[11:29:10] [Server thread/INFO]: xPredix has made the advancement [We Need to Go Deeper]
[11:29:10] [Server thread/INFO]: BkBlank lost connection: Timed out
[11:29:10] [Server thread/INFO]: BkBlank left the game
[11:29:10] [Server thread/WARN]: Can't keep up! Is the server overloaded? Running 6941ms or 138 ticks behind
[11:29:19] [Server thread/INFO]: _Estilam_ has made the advancement [Stone Age]
[11:29:41] [Server thread/INFO]: _Estilam_ has made the advancement [Getting an Upgrade]
[11:30:02] [Server thread/INFO]: xPredix lost connection: Disconnected
[11:30:02] [Server thread/INFO]: xPredix left the game
[11:32:09] [Server thread/INFO]: _Estilam_ lost connection: Disconnected
[11:32:09] [Server thread/INFO]: _Estilam_ left the game
[11:32:38] [Server thread/INFO]: Stopping the server
[11:32:39] [Server thread/INFO]: Stopping server
[11:32:39] [Server thread/INFO]: Saving players
[11:32:39] [Server thread/INFO]: Saving worlds
[11:32:39] [Server thread/INFO]: Saving chunks for level 'world'/minecraft:the_end
[11:32:39] [Server thread/INFO]: ThreadedAnvilChunkStorage (DIM1): All chunks are saved
[11:32:39] [Server thread/INFO]: Saving chunks for level 'world'/minecraft:the_nether
[11:32:39] [Server thread/INFO]: ThreadedAnvilChunkStorage (DIM-1): All chunks are saved
[11:32:39] [Server thread/INFO]: Saving chunks for level 'world'/minecraft:overworld
[11:32:39] [Server thread/INFO]: ThreadedAnvilChunkStorage (world): All chunks are saved
[11:32:39] [Server thread/INFO]: ThreadedAnvilChunkStorage (DIM1): All chunks are saved
[11:32:39] [Server thread/INFO]: ThreadedAnvilChunkStorage (DIM-1): All chunks are saved
[11:32:39] [Server thread/INFO]: ThreadedAnvilChunkStorage (world): All chunks are saved
